<?xml version="1.0" encoding="UTF-8"?>
<testsuite xmlns:xsi="http://www.w3.org/2001/XMLSchema-instance" xsi:noNamespaceSchemaLocation="https://maven.apache.org/surefire/maven-surefire-plugin/xsd/surefire-test-report.xsd" name="com.example.technicaltestinc.adapters.client.PaymentLogsClientImplTest" time="0.713" tests="1" errors="0" skipped="0" failures="0">
  <properties>
[...]
</properties>
  <testcase name="when_valid_payment_well_formed_rest_call" classname="com.example.technicaltestinc.adapters.client.PaymentLogsClientImplTest" time="0.619"/>
</testsuite>